[debug] [2024-08-03T16:14:23.154Z] ----------------------------------------------------------------------
[debug] [2024-08-03T16:14:23.160Z] Command:       C:\Program Files\nodejs\node.exe C:\Program Files\nodejs\node_modules\firebase-tools\lib\bin\firebase.js emulators:start --only functions
[debug] [2024-08-03T16:14:23.161Z] CLI Version:   13.14.2
[debug] [2024-08-03T16:14:23.161Z] Platform:      win32
[debug] [2024-08-03T16:14:23.161Z] Node Version:  v19.9.0
[debug] [2024-08-03T16:14:23.162Z] Time:          Sat Aug 03 2024 19:14:23 GMT+0300 (Eastern European Summer Time)
[debug] [2024-08-03T16:14:23.162Z] ----------------------------------------------------------------------
[debug] 
[debug] [2024-08-03T16:14:23.324Z] > command requires scopes: ["email","openid","https://www.googleapis.com/auth/cloudplatformprojects.readonly","https://www.googleapis.com/auth/firebase","https://www.googleapis.com/auth/cloud-platform"]
[debug] [2024-08-03T16:14:23.325Z] > authorizing via signed-in user (mostafahendawy351@gmail.com)
[info] i  emulators: Starting emulators: functions {"metadata":{"emulator":{"name":"hub"},"message":"Starting emulators: functions"}}
[debug] [2024-08-03T16:14:23.337Z] [logging] Logging Emulator only supports listening on one address (127.0.0.1). Not listening on ::1
[debug] [2024-08-03T16:14:23.337Z] assigned listening specs for emulators {"user":{"hub":[{"address":"127.0.0.1","family":"IPv4","port":4400},{"address":"::1","family":"IPv6","port":4400}],"ui":[{"address":"127.0.0.1","family":"IPv4","port":4000},{"address":"::1","family":"IPv6","port":4000}],"logging":[{"address":"127.0.0.1","family":"IPv4","port":4500}]},"metadata":{"message":"assigned listening specs for emulators"}}
[debug] [2024-08-03T16:14:23.345Z] [hub] writing locator at C:\Users\COMPUT~1\AppData\Local\Temp\hub-challenge-81c50.json
[debug] [2024-08-03T16:14:23.409Z] [functions] Functions Emulator only supports listening on one address (127.0.0.1). Not listening on ::1
[debug] [2024-08-03T16:14:23.409Z] [eventarc] Eventarc Emulator only supports listening on one address (127.0.0.1). Not listening on ::1
[debug] [2024-08-03T16:14:23.410Z] late-assigned ports for functions and eventarc emulators {"user":{"hub":[{"address":"127.0.0.1","family":"IPv4","port":4400},{"address":"::1","family":"IPv6","port":4400}],"ui":[{"address":"127.0.0.1","family":"IPv4","port":4000},{"address":"::1","family":"IPv6","port":4000}],"logging":[{"address":"127.0.0.1","family":"IPv4","port":4500}],"functions":[{"address":"127.0.0.1","family":"IPv4","port":5001}],"eventarc":[{"address":"127.0.0.1","family":"IPv4","port":9299}]},"metadata":{"message":"late-assigned ports for functions and eventarc emulators"}}
[warn] !  functions: The following emulators are not running, calls to these services from the Functions emulator will affect production: auth, firestore, database, hosting, pubsub, storage, dataconnect {"metadata":{"emulator":{"name":"functions"},"message":"The following emulators are not running, calls to these services from the Functions emulator will affect production: \u001b[1mauth, firestore, database, hosting, pubsub, storage, dataconnect\u001b[22m"}}
[debug] [2024-08-03T16:14:23.428Z] defaultcredentials: writing to file C:\Users\computer-store\AppData\Roaming\firebase\mostafahendawy351_gmail_com_application_default_credentials.json
[debug] [2024-08-03T16:14:23.435Z] Setting GAC to C:\Users\computer-store\AppData\Roaming\firebase\mostafahendawy351_gmail_com_application_default_credentials.json {"metadata":{"emulator":{"name":"functions"},"message":"Setting GAC to C:\\Users\\computer-store\\AppData\\Roaming\\firebase\\mostafahendawy351_gmail_com_application_default_credentials.json"}}
[debug] [2024-08-03T16:14:23.438Z] >>> [apiv2][query] GET https://firebase.googleapis.com/v1beta1/projects/challenge-81c50/adminSdkConfig [none]
[debug] [2024-08-03T16:14:24.028Z] <<< [apiv2][status] GET https://firebase.googleapis.com/v1beta1/projects/challenge-81c50/adminSdkConfig 403
[debug] [2024-08-03T16:14:24.028Z] <<< [apiv2][body] GET https://firebase.googleapis.com/v1beta1/projects/challenge-81c50/adminSdkConfig {"error":{"code":403,"message":"The caller does not have permission","status":"PERMISSION_DENIED"}}
[debug] [2024-08-03T16:14:24.029Z] Failed to get Admin SDK config for challenge-81c50, falling back to cache Failed to get Admin SDK for Firebase project challenge-81c50. Please make sure the project exists and your account has permission to access it. {"name":"FirebaseError","children":[],"exit":2,"message":"Failed to get Admin SDK for Firebase project challenge-81c50. Please make sure the project exists and your account has permission to access it.","original":{"name":"FirebaseError","children":[],"context":{"body":{"error":{"code":403,"message":"The caller does not have permission","status":"PERMISSION_DENIED"}},"response":{"statusCode":403}},"exit":1,"message":"HTTP Error: 403, The caller does not have permission","status":403},"status":500}
[debug] [2024-08-03T16:14:24.067Z] Ignoring unsupported arg: auto_download {"metadata":{"emulator":{"name":"ui"},"message":"Ignoring unsupported arg: auto_download"}}
[debug] [2024-08-03T16:14:24.068Z] Ignoring unsupported arg: port {"metadata":{"emulator":{"name":"ui"},"message":"Ignoring unsupported arg: port"}}
[debug] [2024-08-03T16:14:24.068Z] Starting Emulator UI with command {"binary":"node","args":["C:\\Users\\computer-store\\.cache\\firebase\\emulators\\ui-v1.13.0\\server\\server.mjs"],"optionalArgs":[],"joinArgs":false,"shell":false} {"metadata":{"emulator":{"name":"ui"},"message":"Starting Emulator UI with command {\"binary\":\"node\",\"args\":[\"C:\\\\Users\\\\computer-store\\\\.cache\\\\firebase\\\\emulators\\\\ui-v1.13.0\\\\server\\\\server.mjs\"],\"optionalArgs\":[],\"joinArgs\":false,\"shell\":false}"}}
[info] i  ui: Emulator UI logging to ui-debug.log {"metadata":{"emulator":{"name":"ui"},"message":"Emulator UI logging to \u001b[1mui-debug.log\u001b[22m"}}
[debug] [2024-08-03T16:14:24.366Z] Web / API server started at 127.0.0.1:4000
 {"metadata":{"emulator":{"name":"ui"},"message":"Web / API server started at 127.0.0.1:4000\n"}}
[debug] [2024-08-03T16:14:24.366Z] Web / API server started at ::1:4000
 {"metadata":{"emulator":{"name":"ui"},"message":"Web / API server started at ::1:4000\n"}}
[info] i  functions: Watching "E:\html projects\amazon-clone\amazone-clone\functions" for Cloud Functions... {"metadata":{"emulator":{"name":"functions"},"message":"Watching \"E:\\html projects\\amazon-clone\\amazone-clone\\functions\" for Cloud Functions..."}}
[debug] [2024-08-03T16:14:24.639Z] Validating nodejs source
[debug] [2024-08-03T16:14:28.465Z] > [functions] package.json contents: {
  "name": "functions",
  "description": "Cloud Functions for Firebase",
  "scripts": {
    "lint": "eslint .",
    "serve": "npm run build && firebase emulators:start --only functions",
    "shell": "firebase functions:shell",
    "start": "npm run shell",
    "deploy": "firebase deploy --only functions",
    "logs": "firebase functions:log"
  },
  "engines": {
    "node": "18"
  },
  "main": "index.js",
  "dependencies": {
    "cors": "^2.8.5",
    "express": "^4.19.2",
    "firebase-admin": "^12.1.0",
    "firebase-functions": "^5.0.0",
    "stripe": "^16.1.0"
  },
  "devDependencies": {
    "eslint": "^8.15.0",
    "eslint-config-google": "^0.14.0",
    "firebase-functions-test": "^3.1.0"
  },
  "private": true
}
[debug] [2024-08-03T16:14:28.466Z] Building nodejs source
[debug] [2024-08-03T16:14:28.466Z] Failed to find version of module node: reached end of search path E:\html projects\amazon-clone\amazone-clone\functions\node_modules
[warn] !  functions: Your requested "node" version "18" doesn't match your global version "19". Using node@19 from host. 
[debug] [2024-08-03T16:14:28.469Z] Could not find functions.yaml. Must use http discovery
[debug] [2024-08-03T16:14:28.478Z] Found firebase-functions binary at 'E:\html projects\amazon-clone\amazone-clone\functions\node_modules\.bin\firebase-functions'
[info] Serving at port 8612

[debug] [2024-08-03T16:14:35.402Z] Got response from /__/functions.yaml {"endpoints":{"api":{"platform":"gcfv1","availableMemoryMb":null,"timeoutSeconds":null,"minInstances":null,"maxInstances":null,"ingressSettings":null,"serviceAccountEmail":null,"vpc":null,"httpsTrigger":{},"entryPoint":"api"}},"specVersion":"v1alpha1","requiredAPIs":[]}
[info] +  functions: Loaded functions definitions from source: api. {"metadata":{"emulator":{"name":"functions"},"message":"Loaded functions definitions from source: api."}}
[info] +  functions[us-central1-api]: http function initialized (http://127.0.0.1:5001/challenge-81c50/us-central1/api). {"metadata":{"emulator":{"name":"functions"},"message":"\u001b[1mhttp\u001b[22m function initialized (http://127.0.0.1:5001/challenge-81c50/us-central1/api)."}}
[info] 
┌─────────────────────────────────────────────────────────────┐
│ ✔  All emulators ready! It is now safe to connect your app. │
│ i  View Emulator UI at http://127.0.0.1:4000/               │
└─────────────────────────────────────────────────────────────┘

┌───────────┬────────────────┬─────────────────────────────────┐
│ Emulator  │ Host:Port      │ View in Emulator UI             │
├───────────┼────────────────┼─────────────────────────────────┤
│ Functions │ 127.0.0.1:5001 │ http://127.0.0.1:4000/functions │
└───────────┴────────────────┴─────────────────────────────────┘
  Emulator Hub running at 127.0.0.1:4400
  Other reserved ports: 4500

Issues? Report them at https://github.com/firebase/firebase-tools/issues and attach the *-debug.log files.
 
[debug] [2024-08-03T16:16:40.723Z] [work-queue] {"queuedWork":["/challenge-81c50/us-central1/api/-2024-08-03T16:16:40.723Z"],"queueLength":1,"runningWork":[],"workRunningCount":0}
[debug] [2024-08-03T16:16:40.724Z] [work-queue] {"queuedWork":[],"queueLength":0,"runningWork":["/challenge-81c50/us-central1/api/-2024-08-03T16:16:40.723Z"],"workRunningCount":1}
[debug] [2024-08-03T16:16:40.724Z] Accepted request GET /challenge-81c50/us-central1/api/ --> us-central1-api
[debug] [2024-08-03T16:16:40.728Z] [functions] Runtime ready! Sending request! {"metadata":{"emulator":{"name":"functions"},"message":"[functions] Runtime ready! Sending request!"}}
[debug] [2024-08-03T16:16:40.733Z] [functions] Got req.url=/challenge-81c50/us-central1/api/, mapping to path=/ {"metadata":{"emulator":{"name":"functions"},"message":"[functions] Got req.url=/challenge-81c50/us-central1/api/, mapping to path=/"}}
[debug] [2024-08-03T16:16:40.855Z] [worker-pool] addWorker(us-central1-api) {"metadata":{"emulator":{"name":"functions"},"message":"[worker-pool] addWorker(us-central1-api)"}}
[debug] [2024-08-03T16:16:40.856Z] [worker-pool] Adding worker with key us-central1-api, total=1 {"metadata":{"emulator":{"name":"functions"},"message":"[worker-pool] Adding worker with key us-central1-api, total=1"}}
[debug] [2024-08-03T16:16:44.356Z] [runtime-status] [7148] Resolved module firebase-admin {"declared":true,"installed":true,"version":"12.2.0","resolution":"E:\\html projects\\amazon-clone\\amazone-clone\\functions\\node_modules\\firebase-admin\\lib\\index.js"} {"metadata":{"emulator":{"name":"functions"},"function":{"name":"us-central1-api"},"extension":{},"message":"[runtime-status] [7148] Resolved module firebase-admin {\"declared\":true,\"installed\":true,\"version\":\"12.2.0\",\"resolution\":\"E:\\\\html projects\\\\amazon-clone\\\\amazone-clone\\\\functions\\\\node_modules\\\\firebase-admin\\\\lib\\\\index.js\"}"}}
[debug] [2024-08-03T16:16:44.358Z] [runtime-status] [7148] Resolved module firebase-functions {"declared":true,"installed":true,"version":"5.0.1","resolution":"E:\\html projects\\amazon-clone\\amazone-clone\\functions\\node_modules\\firebase-functions\\lib\\v1\\index.js"} {"metadata":{"emulator":{"name":"functions"},"function":{"name":"us-central1-api"},"extension":{},"message":"[runtime-status] [7148] Resolved module firebase-functions {\"declared\":true,\"installed\":true,\"version\":\"5.0.1\",\"resolution\":\"E:\\\\html projects\\\\amazon-clone\\\\amazone-clone\\\\functions\\\\node_modules\\\\firebase-functions\\\\lib\\\\v1\\\\index.js\"}"}}
[debug] [2024-08-03T16:16:44.359Z] [runtime-status] [7148] Outgoing network have been stubbed. [{"name":"http","status":"mocked"},{"name":"http","status":"mocked"},{"name":"https","status":"mocked"},{"name":"https","status":"mocked"},{"name":"net","status":"mocked"}] {"metadata":{"emulator":{"name":"functions"},"function":{"name":"us-central1-api"},"extension":{},"message":"[runtime-status] [7148] Outgoing network have been stubbed. [{\"name\":\"http\",\"status\":\"mocked\"},{\"name\":\"http\",\"status\":\"mocked\"},{\"name\":\"https\",\"status\":\"mocked\"},{\"name\":\"https\",\"status\":\"mocked\"},{\"name\":\"net\",\"status\":\"mocked\"}]"}}
[debug] [2024-08-03T16:16:44.361Z] [runtime-status] [7148] Resolved module firebase-functions {"declared":true,"installed":true,"version":"5.0.1","resolution":"E:\\html projects\\amazon-clone\\amazone-clone\\functions\\node_modules\\firebase-functions\\lib\\v1\\index.js"} {"metadata":{"emulator":{"name":"functions"},"function":{"name":"us-central1-api"},"extension":{},"message":"[runtime-status] [7148] Resolved module firebase-functions {\"declared\":true,\"installed\":true,\"version\":\"5.0.1\",\"resolution\":\"E:\\\\html projects\\\\amazon-clone\\\\amazone-clone\\\\functions\\\\node_modules\\\\firebase-functions\\\\lib\\\\v1\\\\index.js\"}"}}
[debug] [2024-08-03T16:16:44.842Z] [runtime-status] [7148] Checked functions.config() {"config":{}} {"metadata":{"emulator":{"name":"functions"},"function":{"name":"us-central1-api"},"extension":{},"message":"[runtime-status] [7148] Checked functions.config() {\"config\":{}}"}}
[debug] [2024-08-03T16:16:44.842Z] [runtime-status] [7148] firebase-functions has been stubbed. {"functionsResolution":{"declared":true,"installed":true,"version":"5.0.1","resolution":"E:\\html projects\\amazon-clone\\amazone-clone\\functions\\node_modules\\firebase-functions\\lib\\v1\\index.js"}} {"metadata":{"emulator":{"name":"functions"},"function":{"name":"us-central1-api"},"extension":{},"message":"[runtime-status] [7148] firebase-functions has been stubbed. {\"functionsResolution\":{\"declared\":true,\"installed\":true,\"version\":\"5.0.1\",\"resolution\":\"E:\\\\html projects\\\\amazon-clone\\\\amazone-clone\\\\functions\\\\node_modules\\\\firebase-functions\\\\lib\\\\v1\\\\index.js\"}}"}}
[debug] [2024-08-03T16:16:44.844Z] [runtime-status] [7148] Resolved module firebase-functions {"declared":true,"installed":true,"version":"5.0.1","resolution":"E:\\html projects\\amazon-clone\\amazone-clone\\functions\\node_modules\\firebase-functions\\lib\\v1\\index.js"} {"metadata":{"emulator":{"name":"functions"},"function":{"name":"us-central1-api"},"extension":{},"message":"[runtime-status] [7148] Resolved module firebase-functions {\"declared\":true,\"installed\":true,\"version\":\"5.0.1\",\"resolution\":\"E:\\\\html projects\\\\amazon-clone\\\\amazone-clone\\\\functions\\\\node_modules\\\\firebase-functions\\\\lib\\\\v1\\\\index.js\"}"}}
[debug] [2024-08-03T16:16:44.846Z] [runtime-status] [7148] Resolved module firebase-admin {"declared":true,"installed":true,"version":"12.2.0","resolution":"E:\\html projects\\amazon-clone\\amazone-clone\\functions\\node_modules\\firebase-admin\\lib\\index.js"} {"metadata":{"emulator":{"name":"functions"},"function":{"name":"us-central1-api"},"extension":{},"message":"[runtime-status] [7148] Resolved module firebase-admin {\"declared\":true,\"installed\":true,\"version\":\"12.2.0\",\"resolution\":\"E:\\\\html projects\\\\amazon-clone\\\\amazone-clone\\\\functions\\\\node_modules\\\\firebase-admin\\\\lib\\\\index.js\"}"}}
[debug] [2024-08-03T16:16:45.137Z] [runtime-status] [7148] Resolved module firebase-functions {"declared":true,"installed":true,"version":"5.0.1","resolution":"E:\\html projects\\amazon-clone\\amazone-clone\\functions\\node_modules\\firebase-functions\\lib\\v1\\index.js"} {"metadata":{"emulator":{"name":"functions"},"function":{"name":"us-central1-api"},"extension":{},"message":"[runtime-status] [7148] Resolved module firebase-functions {\"declared\":true,\"installed\":true,\"version\":\"5.0.1\",\"resolution\":\"E:\\\\html projects\\\\amazon-clone\\\\amazone-clone\\\\functions\\\\node_modules\\\\firebase-functions\\\\lib\\\\v1\\\\index.js\"}"}}
[debug] [2024-08-03T16:16:45.138Z] [runtime-status] [7148] firebase-admin has been stubbed. {"adminResolution":{"declared":true,"installed":true,"version":"12.2.0","resolution":"E:\\html projects\\amazon-clone\\amazone-clone\\functions\\node_modules\\firebase-admin\\lib\\index.js"}} {"metadata":{"emulator":{"name":"functions"},"function":{"name":"us-central1-api"},"extension":{},"message":"[runtime-status] [7148] firebase-admin has been stubbed. {\"adminResolution\":{\"declared\":true,\"installed\":true,\"version\":\"12.2.0\",\"resolution\":\"E:\\\\html projects\\\\amazon-clone\\\\amazone-clone\\\\functions\\\\node_modules\\\\firebase-admin\\\\lib\\\\index.js\"}}"}}
[debug] [2024-08-03T16:16:45.524Z] [runtime-status] [7148] Functions runtime initialized. {"cwd":"E:\\html projects\\amazon-clone\\amazone-clone\\functions","node_version":"19.9.0"} {"metadata":{"emulator":{"name":"functions"},"function":{"name":"us-central1-api"},"extension":{},"message":"[runtime-status] [7148] Functions runtime initialized. {\"cwd\":\"E:\\\\html projects\\\\amazon-clone\\\\amazone-clone\\\\functions\",\"node_version\":\"19.9.0\"}"}}
[debug] [2024-08-03T16:16:45.524Z] [runtime-status] [7148] Listening to port: \\?\pipe\fire_emu_cf59095150b223fa {"metadata":{"emulator":{"name":"functions"},"function":{"name":"us-central1-api"},"extension":{},"message":"[runtime-status] [7148] Listening to port: \\\\?\\pipe\\fire_emu_cf59095150b223fa"}}
[debug] [2024-08-03T16:16:45.605Z] [worker-us-central1-api-6650632e-9b58-48f9-9b29-1f9975db4f96]: IDLE {"metadata":{"emulator":{"name":"functions"},"function":{"name":"us-central1-api"},"extension":{},"message":"[worker-us-central1-api-6650632e-9b58-48f9-9b29-1f9975db4f96]: IDLE"}}
[debug] [2024-08-03T16:16:45.606Z] [worker-pool] submitRequest(triggerId=us-central1-api) {"metadata":{"emulator":{"name":"functions"},"message":"[worker-pool] submitRequest(triggerId=us-central1-api)"}}
[info] i  functions: Beginning execution of "us-central1-api" {"metadata":{"emulator":{"name":"functions"},"function":{"name":"us-central1-api"},"extension":{},"message":"Beginning execution of \"us-central1-api\""}}
[debug] [2024-08-03T16:16:45.607Z] [worker-us-central1-api-6650632e-9b58-48f9-9b29-1f9975db4f96]: BUSY {"metadata":{"emulator":{"name":"functions"},"function":{"name":"us-central1-api"},"extension":{},"message":"[worker-us-central1-api-6650632e-9b58-48f9-9b29-1f9975db4f96]: BUSY"}}
[debug] [2024-08-03T16:16:45.619Z] Finishing up request with event=pause {"metadata":{"emulator":{"name":"functions"},"function":{"name":"us-central1-api"},"extension":{},"message":"Finishing up request with event=pause"}}
[info] i  functions: Finished "us-central1-api" in 12.1463ms {"metadata":{"emulator":{"name":"functions"},"function":{"name":"us-central1-api"},"extension":{},"message":"Finished \"us-central1-api\" in 12.1463ms"}}
[debug] [2024-08-03T16:16:45.620Z] [worker-us-central1-api-6650632e-9b58-48f9-9b29-1f9975db4f96]: IDLE {"metadata":{"emulator":{"name":"functions"},"function":{"name":"us-central1-api"},"extension":{},"message":"[worker-us-central1-api-6650632e-9b58-48f9-9b29-1f9975db4f96]: IDLE"}}
[debug] [2024-08-03T16:16:45.620Z] Finishing up request with event=finish {"metadata":{"emulator":{"name":"functions"},"function":{"name":"us-central1-api"},"extension":{},"message":"Finishing up request with event=finish"}}
[debug] [2024-08-03T16:16:45.620Z] Finishing up request with event=close {"metadata":{"emulator":{"name":"functions"},"function":{"name":"us-central1-api"},"extension":{},"message":"Finishing up request with event=close"}}
[debug] [2024-08-03T16:16:45.620Z] [work-queue] {"queuedWork":[],"queueLength":0,"runningWork":[],"workRunningCount":0}
[debug] [2024-08-03T16:16:46.934Z] Functions emulator received unknown request at path /favicon.ico
[debug] [2024-08-03T16:29:48.518Z] [work-queue] {"queuedWork":["/challenge-81c50/us-central1/api/payments/create-2024-08-03T16:29:48.518Z"],"queueLength":1,"runningWork":[],"workRunningCount":0}
[debug] [2024-08-03T16:29:48.518Z] [work-queue] {"queuedWork":[],"queueLength":0,"runningWork":["/challenge-81c50/us-central1/api/payments/create-2024-08-03T16:29:48.518Z"],"workRunningCount":1}
[debug] [2024-08-03T16:29:48.519Z] Accepted request POST /challenge-81c50/us-central1/api/payments/create?total=15250 --> us-central1-api
[debug] [2024-08-03T16:29:48.524Z] [functions] Runtime ready! Sending request! {"metadata":{"emulator":{"name":"functions"},"message":"[functions] Runtime ready! Sending request!"}}
[debug] [2024-08-03T16:29:48.525Z] [functions] Got req.url=/challenge-81c50/us-central1/api/payments/create?total=15250, mapping to path=/payments/create?total=15250 {"metadata":{"emulator":{"name":"functions"},"message":"[functions] Got req.url=/challenge-81c50/us-central1/api/payments/create?total=15250, mapping to path=/payments/create?total=15250"}}
[debug] [2024-08-03T16:29:48.526Z] [worker-pool] submitRequest(triggerId=us-central1-api) {"metadata":{"emulator":{"name":"functions"},"message":"[worker-pool] submitRequest(triggerId=us-central1-api)"}}
[info] i  functions: Beginning execution of "us-central1-api" {"metadata":{"emulator":{"name":"functions"},"function":{"name":"us-central1-api"},"extension":{},"message":"Beginning execution of \"us-central1-api\""}}
[debug] [2024-08-03T16:29:48.527Z] [worker-us-central1-api-6650632e-9b58-48f9-9b29-1f9975db4f96]: BUSY {"metadata":{"emulator":{"name":"functions"},"function":{"name":"us-central1-api"},"extension":{},"message":"[worker-us-central1-api-6650632e-9b58-48f9-9b29-1f9975db4f96]: BUSY"}}
[debug] [2024-08-03T16:29:48.534Z] Finishing up request with event=pause {"metadata":{"emulator":{"name":"functions"},"function":{"name":"us-central1-api"},"extension":{},"message":"Finishing up request with event=pause"}}
[info] i  functions: Finished "us-central1-api" in 7.0808ms {"metadata":{"emulator":{"name":"functions"},"function":{"name":"us-central1-api"},"extension":{},"message":"Finished \"us-central1-api\" in 7.0808ms"}}
[debug] [2024-08-03T16:29:48.535Z] [worker-us-central1-api-6650632e-9b58-48f9-9b29-1f9975db4f96]: IDLE {"metadata":{"emulator":{"name":"functions"},"function":{"name":"us-central1-api"},"extension":{},"message":"[worker-us-central1-api-6650632e-9b58-48f9-9b29-1f9975db4f96]: IDLE"}}
[debug] [2024-08-03T16:29:48.535Z] Finishing up request with event=finish {"metadata":{"emulator":{"name":"functions"},"function":{"name":"us-central1-api"},"extension":{},"message":"Finishing up request with event=finish"}}
[debug] [2024-08-03T16:29:48.535Z] Finishing up request with event=close {"metadata":{"emulator":{"name":"functions"},"function":{"name":"us-central1-api"},"extension":{},"message":"Finishing up request with event=close"}}
[debug] [2024-08-03T16:29:48.536Z] [work-queue] {"queuedWork":[],"queueLength":0,"runningWork":[],"workRunningCount":0}
[debug] [2024-08-03T16:34:28.221Z] [work-queue] {"queuedWork":["/challenge-81c50/us-central1/api/-2024-08-03T16:34:28.221Z"],"queueLength":1,"runningWork":[],"workRunningCount":0}
[debug] [2024-08-03T16:34:28.221Z] [work-queue] {"queuedWork":[],"queueLength":0,"runningWork":["/challenge-81c50/us-central1/api/-2024-08-03T16:34:28.221Z"],"workRunningCount":1}
[debug] [2024-08-03T16:34:28.222Z] Accepted request GET /challenge-81c50/us-central1/api/ --> us-central1-api
[debug] [2024-08-03T16:34:28.307Z] [functions] Runtime ready! Sending request! {"metadata":{"emulator":{"name":"functions"},"message":"[functions] Runtime ready! Sending request!"}}
[debug] [2024-08-03T16:34:28.308Z] [functions] Got req.url=/challenge-81c50/us-central1/api/, mapping to path=/ {"metadata":{"emulator":{"name":"functions"},"message":"[functions] Got req.url=/challenge-81c50/us-central1/api/, mapping to path=/"}}
[debug] [2024-08-03T16:34:28.308Z] [worker-pool] submitRequest(triggerId=us-central1-api) {"metadata":{"emulator":{"name":"functions"},"message":"[worker-pool] submitRequest(triggerId=us-central1-api)"}}
[info] i  functions: Beginning execution of "us-central1-api" {"metadata":{"emulator":{"name":"functions"},"function":{"name":"us-central1-api"},"extension":{},"message":"Beginning execution of \"us-central1-api\""}}
[debug] [2024-08-03T16:34:28.309Z] [worker-us-central1-api-6650632e-9b58-48f9-9b29-1f9975db4f96]: BUSY {"metadata":{"emulator":{"name":"functions"},"function":{"name":"us-central1-api"},"extension":{},"message":"[worker-us-central1-api-6650632e-9b58-48f9-9b29-1f9975db4f96]: BUSY"}}
[debug] [2024-08-03T16:34:28.312Z] Finishing up request with event=pause {"metadata":{"emulator":{"name":"functions"},"function":{"name":"us-central1-api"},"extension":{},"message":"Finishing up request with event=pause"}}
[info] i  functions: Finished "us-central1-api" in 4.0166ms {"metadata":{"emulator":{"name":"functions"},"function":{"name":"us-central1-api"},"extension":{},"message":"Finished \"us-central1-api\" in 4.0166ms"}}
[debug] [2024-08-03T16:34:28.313Z] [worker-us-central1-api-6650632e-9b58-48f9-9b29-1f9975db4f96]: IDLE {"metadata":{"emulator":{"name":"functions"},"function":{"name":"us-central1-api"},"extension":{},"message":"[worker-us-central1-api-6650632e-9b58-48f9-9b29-1f9975db4f96]: IDLE"}}
[debug] [2024-08-03T16:34:28.314Z] Finishing up request with event=finish {"metadata":{"emulator":{"name":"functions"},"function":{"name":"us-central1-api"},"extension":{},"message":"Finishing up request with event=finish"}}
[debug] [2024-08-03T16:34:28.314Z] Finishing up request with event=close {"metadata":{"emulator":{"name":"functions"},"function":{"name":"us-central1-api"},"extension":{},"message":"Finishing up request with event=close"}}
[debug] [2024-08-03T16:34:28.314Z] [work-queue] {"queuedWork":[],"queueLength":0,"runningWork":[],"workRunningCount":0}
[debug] [2024-08-03T16:34:30.499Z] [work-queue] {"queuedWork":["/challenge-81c50/us-central1/api/-2024-08-03T16:34:30.499Z"],"queueLength":1,"runningWork":[],"workRunningCount":0}
[debug] [2024-08-03T16:34:30.500Z] [work-queue] {"queuedWork":[],"queueLength":0,"runningWork":["/challenge-81c50/us-central1/api/-2024-08-03T16:34:30.499Z"],"workRunningCount":1}
[debug] [2024-08-03T16:34:30.501Z] Accepted request GET /challenge-81c50/us-central1/api/ --> us-central1-api
[debug] [2024-08-03T16:34:30.502Z] [functions] Runtime ready! Sending request! {"metadata":{"emulator":{"name":"functions"},"message":"[functions] Runtime ready! Sending request!"}}
[debug] [2024-08-03T16:34:30.503Z] [functions] Got req.url=/challenge-81c50/us-central1/api/, mapping to path=/ {"metadata":{"emulator":{"name":"functions"},"message":"[functions] Got req.url=/challenge-81c50/us-central1/api/, mapping to path=/"}}
[debug] [2024-08-03T16:34:30.503Z] [worker-pool] submitRequest(triggerId=us-central1-api) {"metadata":{"emulator":{"name":"functions"},"message":"[worker-pool] submitRequest(triggerId=us-central1-api)"}}
[info] i  functions: Beginning execution of "us-central1-api" {"metadata":{"emulator":{"name":"functions"},"function":{"name":"us-central1-api"},"extension":{},"message":"Beginning execution of \"us-central1-api\""}}
[debug] [2024-08-03T16:34:30.504Z] [worker-us-central1-api-6650632e-9b58-48f9-9b29-1f9975db4f96]: BUSY {"metadata":{"emulator":{"name":"functions"},"function":{"name":"us-central1-api"},"extension":{},"message":"[worker-us-central1-api-6650632e-9b58-48f9-9b29-1f9975db4f96]: BUSY"}}
[debug] [2024-08-03T16:34:30.509Z] Finishing up request with event=pause {"metadata":{"emulator":{"name":"functions"},"function":{"name":"us-central1-api"},"extension":{},"message":"Finishing up request with event=pause"}}
[info] i  functions: Finished "us-central1-api" in 5.2338ms {"metadata":{"emulator":{"name":"functions"},"function":{"name":"us-central1-api"},"extension":{},"message":"Finished \"us-central1-api\" in 5.2338ms"}}
[debug] [2024-08-03T16:34:30.511Z] [worker-us-central1-api-6650632e-9b58-48f9-9b29-1f9975db4f96]: IDLE {"metadata":{"emulator":{"name":"functions"},"function":{"name":"us-central1-api"},"extension":{},"message":"[worker-us-central1-api-6650632e-9b58-48f9-9b29-1f9975db4f96]: IDLE"}}
[debug] [2024-08-03T16:34:30.511Z] Finishing up request with event=finish {"metadata":{"emulator":{"name":"functions"},"function":{"name":"us-central1-api"},"extension":{},"message":"Finishing up request with event=finish"}}
[debug] [2024-08-03T16:34:30.511Z] Finishing up request with event=close {"metadata":{"emulator":{"name":"functions"},"function":{"name":"us-central1-api"},"extension":{},"message":"Finishing up request with event=close"}}
[debug] [2024-08-03T16:34:30.512Z] [work-queue] {"queuedWork":[],"queueLength":0,"runningWork":[],"workRunningCount":0}
[debug] [2024-08-03T16:39:33.775Z] [work-queue] {"queuedWork":["/challenge-81c50/us-central1/api/payments/create-2024-08-03T16:39:33.775Z"],"queueLength":1,"runningWork":[],"workRunningCount":0}
[debug] [2024-08-03T16:39:33.775Z] [work-queue] {"queuedWork":[],"queueLength":0,"runningWork":["/challenge-81c50/us-central1/api/payments/create-2024-08-03T16:39:33.775Z"],"workRunningCount":1}
[debug] [2024-08-03T16:39:33.775Z] Accepted request POST /challenge-81c50/us-central1/api/payments/create?total=12500 --> us-central1-api
[debug] [2024-08-03T16:39:33.814Z] [functions] Runtime ready! Sending request! {"metadata":{"emulator":{"name":"functions"},"message":"[functions] Runtime ready! Sending request!"}}
[debug] [2024-08-03T16:39:33.814Z] [functions] Got req.url=/challenge-81c50/us-central1/api/payments/create?total=12500, mapping to path=/payments/create?total=12500 {"metadata":{"emulator":{"name":"functions"},"message":"[functions] Got req.url=/challenge-81c50/us-central1/api/payments/create?total=12500, mapping to path=/payments/create?total=12500"}}
[debug] [2024-08-03T16:39:33.815Z] [worker-pool] submitRequest(triggerId=us-central1-api) {"metadata":{"emulator":{"name":"functions"},"message":"[worker-pool] submitRequest(triggerId=us-central1-api)"}}
[info] i  functions: Beginning execution of "us-central1-api" {"metadata":{"emulator":{"name":"functions"},"function":{"name":"us-central1-api"},"extension":{},"message":"Beginning execution of \"us-central1-api\""}}
[debug] [2024-08-03T16:39:33.815Z] [worker-us-central1-api-6650632e-9b58-48f9-9b29-1f9975db4f96]: BUSY {"metadata":{"emulator":{"name":"functions"},"function":{"name":"us-central1-api"},"extension":{},"message":"[worker-us-central1-api-6650632e-9b58-48f9-9b29-1f9975db4f96]: BUSY"}}
[debug] [2024-08-03T16:39:33.820Z] Finishing up request with event=pause {"metadata":{"emulator":{"name":"functions"},"function":{"name":"us-central1-api"},"extension":{},"message":"Finishing up request with event=pause"}}
[info] i  functions: Finished "us-central1-api" in 5.2506ms {"metadata":{"emulator":{"name":"functions"},"function":{"name":"us-central1-api"},"extension":{},"message":"Finished \"us-central1-api\" in 5.2506ms"}}
[debug] [2024-08-03T16:39:33.821Z] [worker-us-central1-api-6650632e-9b58-48f9-9b29-1f9975db4f96]: IDLE {"metadata":{"emulator":{"name":"functions"},"function":{"name":"us-central1-api"},"extension":{},"message":"[worker-us-central1-api-6650632e-9b58-48f9-9b29-1f9975db4f96]: IDLE"}}
[debug] [2024-08-03T16:39:33.822Z] Finishing up request with event=finish {"metadata":{"emulator":{"name":"functions"},"function":{"name":"us-central1-api"},"extension":{},"message":"Finishing up request with event=finish"}}
[debug] [2024-08-03T16:39:33.822Z] Finishing up request with event=close {"metadata":{"emulator":{"name":"functions"},"function":{"name":"us-central1-api"},"extension":{},"message":"Finishing up request with event=close"}}
[debug] [2024-08-03T16:39:33.822Z] [work-queue] {"queuedWork":[],"queueLength":0,"runningWork":[],"workRunningCount":0}
[debug] [2024-08-03T16:39:58.283Z] [work-queue] {"queuedWork":["/challenge-81c50/us-central1/api/payments/create-2024-08-03T16:39:58.283Z"],"queueLength":1,"runningWork":[],"workRunningCount":0}
[debug] [2024-08-03T16:39:58.284Z] [work-queue] {"queuedWork":[],"queueLength":0,"runningWork":["/challenge-81c50/us-central1/api/payments/create-2024-08-03T16:39:58.283Z"],"workRunningCount":1}
[debug] [2024-08-03T16:39:58.286Z] Accepted request POST /challenge-81c50/us-central1/api/payments/create?total=12500 --> us-central1-api
[debug] [2024-08-03T16:39:58.292Z] [functions] Runtime ready! Sending request! {"metadata":{"emulator":{"name":"functions"},"message":"[functions] Runtime ready! Sending request!"}}
[debug] [2024-08-03T16:39:58.292Z] [functions] Got req.url=/challenge-81c50/us-central1/api/payments/create?total=12500, mapping to path=/payments/create?total=12500 {"metadata":{"emulator":{"name":"functions"},"message":"[functions] Got req.url=/challenge-81c50/us-central1/api/payments/create?total=12500, mapping to path=/payments/create?total=12500"}}
[debug] [2024-08-03T16:39:58.292Z] [worker-pool] submitRequest(triggerId=us-central1-api) {"metadata":{"emulator":{"name":"functions"},"message":"[worker-pool] submitRequest(triggerId=us-central1-api)"}}
[info] i  functions: Beginning execution of "us-central1-api" {"metadata":{"emulator":{"name":"functions"},"function":{"name":"us-central1-api"},"extension":{},"message":"Beginning execution of \"us-central1-api\""}}
[debug] [2024-08-03T16:39:58.293Z] [worker-us-central1-api-6650632e-9b58-48f9-9b29-1f9975db4f96]: BUSY {"metadata":{"emulator":{"name":"functions"},"function":{"name":"us-central1-api"},"extension":{},"message":"[worker-us-central1-api-6650632e-9b58-48f9-9b29-1f9975db4f96]: BUSY"}}
[debug] [2024-08-03T16:39:58.295Z] [work-queue] {"queuedWork":["/challenge-81c50/us-central1/api/payments/create-2024-08-03T16:39:58.295Z"],"queueLength":1,"runningWork":["/challenge-81c50/us-central1/api/payments/create-2024-08-03T16:39:58.283Z"],"workRunningCount":1}
[debug] [2024-08-03T16:39:58.295Z] [work-queue] {"queuedWork":[],"queueLength":0,"runningWork":["/challenge-81c50/us-central1/api/payments/create-2024-08-03T16:39:58.283Z","/challenge-81c50/us-central1/api/payments/create-2024-08-03T16:39:58.295Z"],"workRunningCount":2}
[debug] [2024-08-03T16:39:58.295Z] Accepted request POST /challenge-81c50/us-central1/api/payments/create?total=12500 --> us-central1-api
[debug] [2024-08-03T16:39:58.299Z] [functions] Runtime ready! Sending request! {"metadata":{"emulator":{"name":"functions"},"message":"[functions] Runtime ready! Sending request!"}}
[debug] [2024-08-03T16:39:58.299Z] [functions] Got req.url=/challenge-81c50/us-central1/api/payments/create?total=12500, mapping to path=/payments/create?total=12500 {"metadata":{"emulator":{"name":"functions"},"message":"[functions] Got req.url=/challenge-81c50/us-central1/api/payments/create?total=12500, mapping to path=/payments/create?total=12500"}}
[debug] [2024-08-03T16:39:58.556Z] [worker-pool] addWorker(us-central1-api) {"metadata":{"emulator":{"name":"functions"},"message":"[worker-pool] addWorker(us-central1-api)"}}
[debug] [2024-08-03T16:39:58.556Z] [worker-pool] Adding worker with key us-central1-api, total=2 {"metadata":{"emulator":{"name":"functions"},"message":"[worker-pool] Adding worker with key us-central1-api, total=2"}}
[debug] [2024-08-03T16:39:58.560Z] Finishing up request with event=pause {"metadata":{"emulator":{"name":"functions"},"function":{"name":"us-central1-api"},"extension":{},"message":"Finishing up request with event=pause"}}
[info] i  functions: Finished "us-central1-api" in 267.679ms {"metadata":{"emulator":{"name":"functions"},"function":{"name":"us-central1-api"},"extension":{},"message":"Finished \"us-central1-api\" in 267.679ms"}}
[debug] [2024-08-03T16:39:58.615Z] [worker-us-central1-api-6650632e-9b58-48f9-9b29-1f9975db4f96]: IDLE {"metadata":{"emulator":{"name":"functions"},"function":{"name":"us-central1-api"},"extension":{},"message":"[worker-us-central1-api-6650632e-9b58-48f9-9b29-1f9975db4f96]: IDLE"}}
[debug] [2024-08-03T16:39:58.615Z] Finishing up request with event=finish {"metadata":{"emulator":{"name":"functions"},"function":{"name":"us-central1-api"},"extension":{},"message":"Finishing up request with event=finish"}}
[debug] [2024-08-03T16:39:58.615Z] Finishing up request with event=close {"metadata":{"emulator":{"name":"functions"},"function":{"name":"us-central1-api"},"extension":{},"message":"Finishing up request with event=close"}}
[debug] [2024-08-03T16:39:58.615Z] [work-queue] {"queuedWork":[],"queueLength":0,"runningWork":["/challenge-81c50/us-central1/api/payments/create-2024-08-03T16:39:58.295Z"],"workRunningCount":1}
[debug] [2024-08-03T16:40:24.022Z] [runtime-status] [884] Resolved module firebase-admin {"declared":true,"installed":true,"version":"12.2.0","resolution":"E:\\html projects\\amazon-clone\\amazone-clone\\functions\\node_modules\\firebase-admin\\lib\\index.js"} {"metadata":{"emulator":{"name":"functions"},"function":{"name":"us-central1-api"},"extension":{},"message":"[runtime-status] [884] Resolved module firebase-admin {\"declared\":true,\"installed\":true,\"version\":\"12.2.0\",\"resolution\":\"E:\\\\html projects\\\\amazon-clone\\\\amazone-clone\\\\functions\\\\node_modules\\\\firebase-admin\\\\lib\\\\index.js\"}"}}
[debug] [2024-08-03T16:40:24.043Z] [runtime-status] [884] Resolved module firebase-functions {"declared":true,"installed":true,"version":"5.0.1","resolution":"E:\\html projects\\amazon-clone\\amazone-clone\\functions\\node_modules\\firebase-functions\\lib\\v1\\index.js"} {"metadata":{"emulator":{"name":"functions"},"function":{"name":"us-central1-api"},"extension":{},"message":"[runtime-status] [884] Resolved module firebase-functions {\"declared\":true,\"installed\":true,\"version\":\"5.0.1\",\"resolution\":\"E:\\\\html projects\\\\amazon-clone\\\\amazone-clone\\\\functions\\\\node_modules\\\\firebase-functions\\\\lib\\\\v1\\\\index.js\"}"}}
[debug] [2024-08-03T16:40:24.045Z] [runtime-status] [884] Outgoing network have been stubbed. [{"name":"http","status":"mocked"},{"name":"http","status":"mocked"},{"name":"https","status":"mocked"},{"name":"https","status":"mocked"},{"name":"net","status":"mocked"}] {"metadata":{"emulator":{"name":"functions"},"function":{"name":"us-central1-api"},"extension":{},"message":"[runtime-status] [884] Outgoing network have been stubbed. [{\"name\":\"http\",\"status\":\"mocked\"},{\"name\":\"http\",\"status\":\"mocked\"},{\"name\":\"https\",\"status\":\"mocked\"},{\"name\":\"https\",\"status\":\"mocked\"},{\"name\":\"net\",\"status\":\"mocked\"}]"}}
[debug] [2024-08-03T16:40:24.048Z] [runtime-status] [884] Resolved module firebase-functions {"declared":true,"installed":true,"version":"5.0.1","resolution":"E:\\html projects\\amazon-clone\\amazone-clone\\functions\\node_modules\\firebase-functions\\lib\\v1\\index.js"} {"metadata":{"emulator":{"name":"functions"},"function":{"name":"us-central1-api"},"extension":{},"message":"[runtime-status] [884] Resolved module firebase-functions {\"declared\":true,\"installed\":true,\"version\":\"5.0.1\",\"resolution\":\"E:\\\\html projects\\\\amazon-clone\\\\amazone-clone\\\\functions\\\\node_modules\\\\firebase-functions\\\\lib\\\\v1\\\\index.js\"}"}}
[error] !!  functions: Failed to handle request for function us-central1-api {"metadata":{"emulator":{"name":"functions"},"message":"Failed to handle request for function us-central1-api"}}
[error] !!  functions: Failed to start functions in E:\html projects\amazon-clone\amazone-clone\functions: FirebaseError: Failed to load function. {"metadata":{"emulator":{"name":"functions"},"message":"Failed to start functions in E:\\html projects\\amazon-clone\\amazone-clone\\functions: FirebaseError: Failed to load function."}}
[debug] [2024-08-03T16:40:28.607Z] [work-queue] {"queuedWork":[],"queueLength":0,"runningWork":[],"workRunningCount":0}
[debug] [2024-08-03T16:40:30.228Z] [runtime-status] [884] Checked functions.config() {"config":{}} {"metadata":{"emulator":{"name":"functions"},"function":{"name":"us-central1-api"},"extension":{},"message":"[runtime-status] [884] Checked functions.config() {\"config\":{}}"}}
[debug] [2024-08-03T16:40:30.228Z] [runtime-status] [884] firebase-functions has been stubbed. {"functionsResolution":{"declared":true,"installed":true,"version":"5.0.1","resolution":"E:\\html projects\\amazon-clone\\amazone-clone\\functions\\node_modules\\firebase-functions\\lib\\v1\\index.js"}} {"metadata":{"emulator":{"name":"functions"},"function":{"name":"us-central1-api"},"extension":{},"message":"[runtime-status] [884] firebase-functions has been stubbed. {\"functionsResolution\":{\"declared\":true,\"installed\":true,\"version\":\"5.0.1\",\"resolution\":\"E:\\\\html projects\\\\amazon-clone\\\\amazone-clone\\\\functions\\\\node_modules\\\\firebase-functions\\\\lib\\\\v1\\\\index.js\"}}"}}
[debug] [2024-08-03T16:40:30.229Z] [runtime-status] [884] Resolved module firebase-functions {"declared":true,"installed":true,"version":"5.0.1","resolution":"E:\\html projects\\amazon-clone\\amazone-clone\\functions\\node_modules\\firebase-functions\\lib\\v1\\index.js"} {"metadata":{"emulator":{"name":"functions"},"function":{"name":"us-central1-api"},"extension":{},"message":"[runtime-status] [884] Resolved module firebase-functions {\"declared\":true,\"installed\":true,\"version\":\"5.0.1\",\"resolution\":\"E:\\\\html projects\\\\amazon-clone\\\\amazone-clone\\\\functions\\\\node_modules\\\\firebase-functions\\\\lib\\\\v1\\\\index.js\"}"}}
[debug] [2024-08-03T16:40:30.232Z] [runtime-status] [884] Resolved module firebase-admin {"declared":true,"installed":true,"version":"12.2.0","resolution":"E:\\html projects\\amazon-clone\\amazone-clone\\functions\\node_modules\\firebase-admin\\lib\\index.js"} {"metadata":{"emulator":{"name":"functions"},"function":{"name":"us-central1-api"},"extension":{},"message":"[runtime-status] [884] Resolved module firebase-admin {\"declared\":true,\"installed\":true,\"version\":\"12.2.0\",\"resolution\":\"E:\\\\html projects\\\\amazon-clone\\\\amazone-clone\\\\functions\\\\node_modules\\\\firebase-admin\\\\lib\\\\index.js\"}"}}
[debug] [2024-08-03T16:40:30.288Z] [runtime-status] [884] Resolved module firebase-functions {"declared":true,"installed":true,"version":"5.0.1","resolution":"E:\\html projects\\amazon-clone\\amazone-clone\\functions\\node_modules\\firebase-functions\\lib\\v1\\index.js"} {"metadata":{"emulator":{"name":"functions"},"function":{"name":"us-central1-api"},"extension":{},"message":"[runtime-status] [884] Resolved module firebase-functions {\"declared\":true,\"installed\":true,\"version\":\"5.0.1\",\"resolution\":\"E:\\\\html projects\\\\amazon-clone\\\\amazone-clone\\\\functions\\\\node_modules\\\\firebase-functions\\\\lib\\\\v1\\\\index.js\"}"}}
[debug] [2024-08-03T16:40:30.288Z] [runtime-status] [884] firebase-admin has been stubbed. {"adminResolution":{"declared":true,"installed":true,"version":"12.2.0","resolution":"E:\\html projects\\amazon-clone\\amazone-clone\\functions\\node_modules\\firebase-admin\\lib\\index.js"}} {"metadata":{"emulator":{"name":"functions"},"function":{"name":"us-central1-api"},"extension":{},"message":"[runtime-status] [884] firebase-admin has been stubbed. {\"adminResolution\":{\"declared\":true,\"installed\":true,\"version\":\"12.2.0\",\"resolution\":\"E:\\\\html projects\\\\amazon-clone\\\\amazone-clone\\\\functions\\\\node_modules\\\\firebase-admin\\\\lib\\\\index.js\"}}"}}
[debug] [2024-08-03T16:40:37.672Z] [runtime-status] [884] Functions runtime initialized. {"cwd":"E:\\html projects\\amazon-clone\\amazone-clone\\functions","node_version":"19.9.0"} {"metadata":{"emulator":{"name":"functions"},"function":{"name":"us-central1-api"},"extension":{},"message":"[runtime-status] [884] Functions runtime initialized. {\"cwd\":\"E:\\\\html projects\\\\amazon-clone\\\\amazone-clone\\\\functions\",\"node_version\":\"19.9.0\"}"}}
[debug] [2024-08-03T16:40:37.673Z] [runtime-status] [884] Listening to port: \\?\pipe\fire_emu_b24f9c69955f87a4 {"metadata":{"emulator":{"name":"functions"},"function":{"name":"us-central1-api"},"extension":{},"message":"[runtime-status] [884] Listening to port: \\\\?\\pipe\\fire_emu_b24f9c69955f87a4"}}
[debug] [2024-08-03T16:40:54.628Z] File E:\html projects\amazon-clone\amazone-clone\functions\index.js changed, reloading triggers {"metadata":{"emulator":{"name":"functions"},"message":"File E:\\html projects\\amazon-clone\\amazone-clone\\functions\\index.js changed, reloading triggers"}}
[debug] [2024-08-03T16:40:55.641Z] Validating nodejs source
[debug] [2024-08-03T16:41:01.950Z] > [functions] package.json contents: {
  "name": "functions",
  "description": "Cloud Functions for Firebase",
  "scripts": {
    "lint": "eslint .",
    "serve": "npm run build && firebase emulators:start --only functions",
    "shell": "firebase functions:shell",
    "start": "npm run shell",
    "deploy": "firebase deploy --only functions",
    "logs": "firebase functions:log"
  },
  "engines": {
    "node": "18"
  },
  "main": "index.js",
  "dependencies": {
    "cors": "^2.8.5",
    "express": "^4.19.2",
    "firebase-admin": "^12.1.0",
    "firebase-functions": "^5.0.0",
    "stripe": "^16.1.0"
  },
  "devDependencies": {
    "eslint": "^8.15.0",
    "eslint-config-google": "^0.14.0",
    "firebase-functions-test": "^3.1.0"
  },
  "private": true
}
[debug] [2024-08-03T16:41:01.950Z] Building nodejs source
[debug] [2024-08-03T16:41:01.951Z] Failed to find version of module node: reached end of search path E:\html projects\amazon-clone\amazone-clone\functions\node_modules
[warn] !  functions: Your requested "node" version "18" doesn't match your global version "19". Using node@19 from host. 
[debug] [2024-08-03T16:41:01.953Z] Could not find functions.yaml. Must use http discovery
[debug] [2024-08-03T16:41:02.019Z] Found firebase-functions binary at 'E:\html projects\amazon-clone\amazone-clone\functions\node_modules\.bin\firebase-functions'
[info] Serving at port 8816

[debug] [2024-08-03T16:41:03.697Z] Got response from /__/functions.yaml {"endpoints":{"api":{"platform":"gcfv1","availableMemoryMb":null,"timeoutSeconds":null,"minInstances":null,"maxInstances":null,"ingressSettings":null,"serviceAccountEmail":null,"vpc":null,"httpsTrigger":{},"entryPoint":"api"}},"specVersion":"v1alpha1","requiredAPIs":[]}
[info] +  functions: Loaded functions definitions from source: api. {"metadata":{"emulator":{"name":"functions"},"message":"Loaded functions definitions from source: api."}}
[debug] [2024-08-03T16:41:08.861Z] [worker-pool] Shutting down IDLE worker (us-central1-api) {"metadata":{"emulator":{"name":"functions"},"message":"[worker-pool] Shutting down IDLE worker (us-central1-api)"}}
[debug] [2024-08-03T16:41:08.861Z] [worker-us-central1-api-6650632e-9b58-48f9-9b29-1f9975db4f96]: FINISHING {"metadata":{"emulator":{"name":"functions"},"function":{"name":"us-central1-api"},"extension":{},"message":"[worker-us-central1-api-6650632e-9b58-48f9-9b29-1f9975db4f96]: FINISHING"}}
[debug] [2024-08-03T16:41:08.916Z] [worker-us-central1-api-6650632e-9b58-48f9-9b29-1f9975db4f96]: exited {"metadata":{"emulator":{"name":"functions"},"function":{"name":"us-central1-api"},"extension":{},"message":"[worker-us-central1-api-6650632e-9b58-48f9-9b29-1f9975db4f96]: exited"}}
[debug] [2024-08-03T16:41:08.916Z] [worker-us-central1-api-6650632e-9b58-48f9-9b29-1f9975db4f96]: FINISHED {"metadata":{"emulator":{"name":"functions"},"function":{"name":"us-central1-api"},"extension":{},"message":"[worker-us-central1-api-6650632e-9b58-48f9-9b29-1f9975db4f96]: FINISHED"}}
[debug] [2024-08-03T16:42:06.351Z] File E:\html projects\amazon-clone\amazone-clone\functions\index.js changed, reloading triggers {"metadata":{"emulator":{"name":"functions"},"message":"File E:\\html projects\\amazon-clone\\amazone-clone\\functions\\index.js changed, reloading triggers"}}
[debug] [2024-08-03T16:42:07.363Z] Validating nodejs source
[debug] [2024-08-03T16:42:10.371Z] > [functions] package.json contents: {
  "name": "functions",
  "description": "Cloud Functions for Firebase",
  "scripts": {
    "lint": "eslint .",
    "serve": "npm run build && firebase emulators:start --only functions",
    "shell": "firebase functions:shell",
    "start": "npm run shell",
    "deploy": "firebase deploy --only functions",
    "logs": "firebase functions:log"
  },
  "engines": {
    "node": "18"
  },
  "main": "index.js",
  "dependencies": {
    "cors": "^2.8.5",
    "express": "^4.19.2",
    "firebase-admin": "^12.1.0",
    "firebase-functions": "^5.0.0",
    "stripe": "^16.1.0"
  },
  "devDependencies": {
    "eslint": "^8.15.0",
    "eslint-config-google": "^0.14.0",
    "firebase-functions-test": "^3.1.0"
  },
  "private": true
}
[debug] [2024-08-03T16:42:10.372Z] Building nodejs source
[debug] [2024-08-03T16:42:10.372Z] Failed to find version of module node: reached end of search path E:\html projects\amazon-clone\amazone-clone\functions\node_modules
[warn] !  functions: Your requested "node" version "18" doesn't match your global version "19". Using node@19 from host. 
[debug] [2024-08-03T16:42:10.373Z] Could not find functions.yaml. Must use http discovery
[debug] [2024-08-03T16:42:10.382Z] Found firebase-functions binary at 'E:\html projects\amazon-clone\amazone-clone\functions\node_modules\.bin\firebase-functions'
[info] Serving at port 8524

[debug] [2024-08-03T16:42:11.708Z] Got response from /__/functions.yaml {"endpoints":{"api":{"platform":"gcfv1","availableMemoryMb":null,"timeoutSeconds":null,"minInstances":null,"maxInstances":null,"ingressSettings":null,"serviceAccountEmail":null,"vpc":null,"httpsTrigger":{},"entryPoint":"api"}},"specVersion":"v1alpha1","requiredAPIs":[]}
[info] +  functions: Loaded functions definitions from source: api. {"metadata":{"emulator":{"name":"functions"},"message":"Loaded functions definitions from source: api."}}
[debug] [2024-08-03T16:43:02.885Z] [work-queue] {"queuedWork":["/challenge-81c50/us-central1/api/payments/create-2024-08-03T16:43:02.885Z"],"queueLength":1,"runningWork":[],"workRunningCount":0}
[debug] [2024-08-03T16:43:02.885Z] [work-queue] {"queuedWork":[],"queueLength":0,"runningWork":["/challenge-81c50/us-central1/api/payments/create-2024-08-03T16:43:02.885Z"],"workRunningCount":1}
[debug] [2024-08-03T16:43:02.885Z] Accepted request POST /challenge-81c50/us-central1/api/payments/create?total=15250 --> us-central1-api
[debug] [2024-08-03T16:43:03.074Z] [functions] Runtime ready! Sending request! {"metadata":{"emulator":{"name":"functions"},"message":"[functions] Runtime ready! Sending request!"}}
[debug] [2024-08-03T16:43:03.074Z] [functions] Got req.url=/challenge-81c50/us-central1/api/payments/create?total=15250, mapping to path=/payments/create?total=15250 {"metadata":{"emulator":{"name":"functions"},"message":"[functions] Got req.url=/challenge-81c50/us-central1/api/payments/create?total=15250, mapping to path=/payments/create?total=15250"}}
[debug] [2024-08-03T16:43:03.075Z] [worker-pool] Cleaned up workers for us-central1-api: 2 --> 1 {"metadata":{"emulator":{"name":"functions"},"message":"[worker-pool] Cleaned up workers for us-central1-api: 2 --> 1"}}
[debug] [2024-08-03T16:43:06.152Z] [worker-pool] addWorker(us-central1-api) {"metadata":{"emulator":{"name":"functions"},"message":"[worker-pool] addWorker(us-central1-api)"}}
[debug] [2024-08-03T16:43:06.152Z] [worker-pool] Adding worker with key us-central1-api, total=2 {"metadata":{"emulator":{"name":"functions"},"message":"[worker-pool] Adding worker with key us-central1-api, total=2"}}
[debug] [2024-08-03T16:43:06.156Z] [work-queue] {"queuedWork":["/challenge-81c50/us-central1/api/payments/create-2024-08-03T16:43:06.156Z"],"queueLength":1,"runningWork":["/challenge-81c50/us-central1/api/payments/create-2024-08-03T16:43:02.885Z"],"workRunningCount":1}
[debug] [2024-08-03T16:43:06.156Z] [work-queue] {"queuedWork":[],"queueLength":0,"runningWork":["/challenge-81c50/us-central1/api/payments/create-2024-08-03T16:43:02.885Z","/challenge-81c50/us-central1/api/payments/create-2024-08-03T16:43:06.156Z"],"workRunningCount":2}
[debug] [2024-08-03T16:43:06.156Z] Accepted request POST /challenge-81c50/us-central1/api/payments/create?total=15250 --> us-central1-api
[debug] [2024-08-03T16:43:06.160Z] [functions] Runtime ready! Sending request! {"metadata":{"emulator":{"name":"functions"},"message":"[functions] Runtime ready! Sending request!"}}
[debug] [2024-08-03T16:43:06.161Z] [functions] Got req.url=/challenge-81c50/us-central1/api/payments/create?total=15250, mapping to path=/payments/create?total=15250 {"metadata":{"emulator":{"name":"functions"},"message":"[functions] Got req.url=/challenge-81c50/us-central1/api/payments/create?total=15250, mapping to path=/payments/create?total=15250"}}
[debug] [2024-08-03T16:43:06.375Z] [worker-pool] addWorker(us-central1-api) {"metadata":{"emulator":{"name":"functions"},"message":"[worker-pool] addWorker(us-central1-api)"}}
[debug] [2024-08-03T16:43:06.375Z] [worker-pool] Adding worker with key us-central1-api, total=3 {"metadata":{"emulator":{"name":"functions"},"message":"[worker-pool] Adding worker with key us-central1-api, total=3"}}
[error] !!  functions: Failed to handle request for function us-central1-api {"metadata":{"emulator":{"name":"functions"},"message":"Failed to handle request for function us-central1-api"}}
[error] !!  functions: Failed to start functions in E:\html projects\amazon-clone\amazone-clone\functions: FirebaseError: Failed to load function. {"metadata":{"emulator":{"name":"functions"},"message":"Failed to start functions in E:\\html projects\\amazon-clone\\amazone-clone\\functions: FirebaseError: Failed to load function."}}
[debug] [2024-08-03T16:43:36.182Z] [work-queue] {"queuedWork":[],"queueLength":0,"runningWork":["/challenge-81c50/us-central1/api/payments/create-2024-08-03T16:43:06.156Z"],"workRunningCount":1}
[error] !!  functions: Failed to handle request for function us-central1-api {"metadata":{"emulator":{"name":"functions"},"message":"Failed to handle request for function us-central1-api"}}
[error] !!  functions: Failed to start functions in E:\html projects\amazon-clone\amazone-clone\functions: FirebaseError: Failed to load function. {"metadata":{"emulator":{"name":"functions"},"message":"Failed to start functions in E:\\html projects\\amazon-clone\\amazone-clone\\functions: FirebaseError: Failed to load function."}}
[debug] [2024-08-03T16:43:36.391Z] [work-queue] {"queuedWork":[],"queueLength":0,"runningWork":[],"workRunningCount":0}
[debug] [2024-08-03T16:44:14.216Z] [runtime-status] [15196] Resolved module firebase-admin {"declared":true,"installed":true,"version":"12.2.0","resolution":"E:\\html projects\\amazon-clone\\amazone-clone\\functions\\node_modules\\firebase-admin\\lib\\index.js"} {"metadata":{"emulator":{"name":"functions"},"function":{"name":"us-central1-api"},"extension":{},"message":"[runtime-status] [15196] Resolved module firebase-admin {\"declared\":true,\"installed\":true,\"version\":\"12.2.0\",\"resolution\":\"E:\\\\html projects\\\\amazon-clone\\\\amazone-clone\\\\functions\\\\node_modules\\\\firebase-admin\\\\lib\\\\index.js\"}"}}
[debug] [2024-08-03T16:44:14.217Z] [runtime-status] [8468] Resolved module firebase-admin {"declared":true,"installed":true,"version":"12.2.0","resolution":"E:\\html projects\\amazon-clone\\amazone-clone\\functions\\node_modules\\firebase-admin\\lib\\index.js"} {"metadata":{"emulator":{"name":"functions"},"function":{"name":"us-central1-api"},"extension":{},"message":"[runtime-status] [8468] Resolved module firebase-admin {\"declared\":true,\"installed\":true,\"version\":\"12.2.0\",\"resolution\":\"E:\\\\html projects\\\\amazon-clone\\\\amazone-clone\\\\functions\\\\node_modules\\\\firebase-admin\\\\lib\\\\index.js\"}"}}
[debug] [2024-08-03T16:44:14.247Z] [runtime-status] [8468] Resolved module firebase-functions {"declared":true,"installed":true,"version":"5.0.1","resolution":"E:\\html projects\\amazon-clone\\amazone-clone\\functions\\node_modules\\firebase-functions\\lib\\v1\\index.js"} {"metadata":{"emulator":{"name":"functions"},"function":{"name":"us-central1-api"},"extension":{},"message":"[runtime-status] [8468] Resolved module firebase-functions {\"declared\":true,\"installed\":true,\"version\":\"5.0.1\",\"resolution\":\"E:\\\\html projects\\\\amazon-clone\\\\amazone-clone\\\\functions\\\\node_modules\\\\firebase-functions\\\\lib\\\\v1\\\\index.js\"}"}}
[debug] [2024-08-03T16:44:14.248Z] [runtime-status] [15196] Resolved module firebase-functions {"declared":true,"installed":true,"version":"5.0.1","resolution":"E:\\html projects\\amazon-clone\\amazone-clone\\functions\\node_modules\\firebase-functions\\lib\\v1\\index.js"} {"metadata":{"emulator":{"name":"functions"},"function":{"name":"us-central1-api"},"extension":{},"message":"[runtime-status] [15196] Resolved module firebase-functions {\"declared\":true,\"installed\":true,\"version\":\"5.0.1\",\"resolution\":\"E:\\\\html projects\\\\amazon-clone\\\\amazone-clone\\\\functions\\\\node_modules\\\\firebase-functions\\\\lib\\\\v1\\\\index.js\"}"}}
[debug] [2024-08-03T16:44:14.248Z] [runtime-status] [8468] Outgoing network have been stubbed. [{"name":"http","status":"mocked"},{"name":"http","status":"mocked"},{"name":"https","status":"mocked"},{"name":"https","status":"mocked"},{"name":"net","status":"mocked"}] {"metadata":{"emulator":{"name":"functions"},"function":{"name":"us-central1-api"},"extension":{},"message":"[runtime-status] [8468] Outgoing network have been stubbed. [{\"name\":\"http\",\"status\":\"mocked\"},{\"name\":\"http\",\"status\":\"mocked\"},{\"name\":\"https\",\"status\":\"mocked\"},{\"name\":\"https\",\"status\":\"mocked\"},{\"name\":\"net\",\"status\":\"mocked\"}]"}}
[debug] [2024-08-03T16:44:14.248Z] [runtime-status] [15196] Outgoing network have been stubbed. [{"name":"http","status":"mocked"},{"name":"http","status":"mocked"},{"name":"https","status":"mocked"},{"name":"https","status":"mocked"},{"name":"net","status":"mocked"}] {"metadata":{"emulator":{"name":"functions"},"function":{"name":"us-central1-api"},"extension":{},"message":"[runtime-status] [15196] Outgoing network have been stubbed. [{\"name\":\"http\",\"status\":\"mocked\"},{\"name\":\"http\",\"status\":\"mocked\"},{\"name\":\"https\",\"status\":\"mocked\"},{\"name\":\"https\",\"status\":\"mocked\"},{\"name\":\"net\",\"status\":\"mocked\"}]"}}
[debug] [2024-08-03T16:44:14.250Z] [runtime-status] [8468] Resolved module firebase-functions {"declared":true,"installed":true,"version":"5.0.1","resolution":"E:\\html projects\\amazon-clone\\amazone-clone\\functions\\node_modules\\firebase-functions\\lib\\v1\\index.js"} {"metadata":{"emulator":{"name":"functions"},"function":{"name":"us-central1-api"},"extension":{},"message":"[runtime-status] [8468] Resolved module firebase-functions {\"declared\":true,\"installed\":true,\"version\":\"5.0.1\",\"resolution\":\"E:\\\\html projects\\\\amazon-clone\\\\amazone-clone\\\\functions\\\\node_modules\\\\firebase-functions\\\\lib\\\\v1\\\\index.js\"}"}}
[debug] [2024-08-03T16:44:14.250Z] [runtime-status] [15196] Resolved module firebase-functions {"declared":true,"installed":true,"version":"5.0.1","resolution":"E:\\html projects\\amazon-clone\\amazone-clone\\functions\\node_modules\\firebase-functions\\lib\\v1\\index.js"} {"metadata":{"emulator":{"name":"functions"},"function":{"name":"us-central1-api"},"extension":{},"message":"[runtime-status] [15196] Resolved module firebase-functions {\"declared\":true,\"installed\":true,\"version\":\"5.0.1\",\"resolution\":\"E:\\\\html projects\\\\amazon-clone\\\\amazone-clone\\\\functions\\\\node_modules\\\\firebase-functions\\\\lib\\\\v1\\\\index.js\"}"}}
[debug] [2024-08-03T16:44:20.185Z] [runtime-status] [8468] Checked functions.config() {"config":{}} {"metadata":{"emulator":{"name":"functions"},"function":{"name":"us-central1-api"},"extension":{},"message":"[runtime-status] [8468] Checked functions.config() {\"config\":{}}"}}
[debug] [2024-08-03T16:44:20.189Z] [runtime-status] [8468] firebase-functions has been stubbed. {"functionsResolution":{"declared":true,"installed":true,"version":"5.0.1","resolution":"E:\\html projects\\amazon-clone\\amazone-clone\\functions\\node_modules\\firebase-functions\\lib\\v1\\index.js"}} {"metadata":{"emulator":{"name":"functions"},"function":{"name":"us-central1-api"},"extension":{},"message":"[runtime-status] [8468] firebase-functions has been stubbed. {\"functionsResolution\":{\"declared\":true,\"installed\":true,\"version\":\"5.0.1\",\"resolution\":\"E:\\\\html projects\\\\amazon-clone\\\\amazone-clone\\\\functions\\\\node_modules\\\\firebase-functions\\\\lib\\\\v1\\\\index.js\"}}"}}
[debug] [2024-08-03T16:44:20.190Z] [runtime-status] [15196] Checked functions.config() {"config":{}} {"metadata":{"emulator":{"name":"functions"},"function":{"name":"us-central1-api"},"extension":{},"message":"[runtime-status] [15196] Checked functions.config() {\"config\":{}}"}}
[debug] [2024-08-03T16:44:20.193Z] [runtime-status] [15196] firebase-functions has been stubbed. {"functionsResolution":{"declared":true,"installed":true,"version":"5.0.1","resolution":"E:\\html projects\\amazon-clone\\amazone-clone\\functions\\node_modules\\firebase-functions\\lib\\v1\\index.js"}} {"metadata":{"emulator":{"name":"functions"},"function":{"name":"us-central1-api"},"extension":{},"message":"[runtime-status] [15196] firebase-functions has been stubbed. {\"functionsResolution\":{\"declared\":true,\"installed\":true,\"version\":\"5.0.1\",\"resolution\":\"E:\\\\html projects\\\\amazon-clone\\\\amazone-clone\\\\functions\\\\node_modules\\\\firebase-functions\\\\lib\\\\v1\\\\index.js\"}}"}}
[debug] [2024-08-03T16:44:20.195Z] [runtime-status] [8468] Resolved module firebase-functions {"declared":true,"installed":true,"version":"5.0.1","resolution":"E:\\html projects\\amazon-clone\\amazone-clone\\functions\\node_modules\\firebase-functions\\lib\\v1\\index.js"} {"metadata":{"emulator":{"name":"functions"},"function":{"name":"us-central1-api"},"extension":{},"message":"[runtime-status] [8468] Resolved module firebase-functions {\"declared\":true,\"installed\":true,\"version\":\"5.0.1\",\"resolution\":\"E:\\\\html projects\\\\amazon-clone\\\\amazone-clone\\\\functions\\\\node_modules\\\\firebase-functions\\\\lib\\\\v1\\\\index.js\"}"}}
[debug] [2024-08-03T16:44:20.195Z] [runtime-status] [15196] Resolved module firebase-functions {"declared":true,"installed":true,"version":"5.0.1","resolution":"E:\\html projects\\amazon-clone\\amazone-clone\\functions\\node_modules\\firebase-functions\\lib\\v1\\index.js"} {"metadata":{"emulator":{"name":"functions"},"function":{"name":"us-central1-api"},"extension":{},"message":"[runtime-status] [15196] Resolved module firebase-functions {\"declared\":true,\"installed\":true,\"version\":\"5.0.1\",\"resolution\":\"E:\\\\html projects\\\\amazon-clone\\\\amazone-clone\\\\functions\\\\node_modules\\\\firebase-functions\\\\lib\\\\v1\\\\index.js\"}"}}
[debug] [2024-08-03T16:44:20.198Z] [runtime-status] [8468] Resolved module firebase-admin {"declared":true,"installed":true,"version":"12.2.0","resolution":"E:\\html projects\\amazon-clone\\amazone-clone\\functions\\node_modules\\firebase-admin\\lib\\index.js"} {"metadata":{"emulator":{"name":"functions"},"function":{"name":"us-central1-api"},"extension":{},"message":"[runtime-status] [8468] Resolved module firebase-admin {\"declared\":true,\"installed\":true,\"version\":\"12.2.0\",\"resolution\":\"E:\\\\html projects\\\\amazon-clone\\\\amazone-clone\\\\functions\\\\node_modules\\\\firebase-admin\\\\lib\\\\index.js\"}"}}
[debug] [2024-08-03T16:44:20.198Z] [runtime-status] [15196] Resolved module firebase-admin {"declared":true,"installed":true,"version":"12.2.0","resolution":"E:\\html projects\\amazon-clone\\amazone-clone\\functions\\node_modules\\firebase-admin\\lib\\index.js"} {"metadata":{"emulator":{"name":"functions"},"function":{"name":"us-central1-api"},"extension":{},"message":"[runtime-status] [15196] Resolved module firebase-admin {\"declared\":true,\"installed\":true,\"version\":\"12.2.0\",\"resolution\":\"E:\\\\html projects\\\\amazon-clone\\\\amazone-clone\\\\functions\\\\node_modules\\\\firebase-admin\\\\lib\\\\index.js\"}"}}
[debug] [2024-08-03T16:44:20.246Z] [runtime-status] [8468] Resolved module firebase-functions {"declared":true,"installed":true,"version":"5.0.1","resolution":"E:\\html projects\\amazon-clone\\amazone-clone\\functions\\node_modules\\firebase-functions\\lib\\v1\\index.js"} {"metadata":{"emulator":{"name":"functions"},"function":{"name":"us-central1-api"},"extension":{},"message":"[runtime-status] [8468] Resolved module firebase-functions {\"declared\":true,\"installed\":true,\"version\":\"5.0.1\",\"resolution\":\"E:\\\\html projects\\\\amazon-clone\\\\amazone-clone\\\\functions\\\\node_modules\\\\firebase-functions\\\\lib\\\\v1\\\\index.js\"}"}}
[debug] [2024-08-03T16:44:20.247Z] [runtime-status] [15196] Resolved module firebase-functions {"declared":true,"installed":true,"version":"5.0.1","resolution":"E:\\html projects\\amazon-clone\\amazone-clone\\functions\\node_modules\\firebase-functions\\lib\\v1\\index.js"} {"metadata":{"emulator":{"name":"functions"},"function":{"name":"us-central1-api"},"extension":{},"message":"[runtime-status] [15196] Resolved module firebase-functions {\"declared\":true,\"installed\":true,\"version\":\"5.0.1\",\"resolution\":\"E:\\\\html projects\\\\amazon-clone\\\\amazone-clone\\\\functions\\\\node_modules\\\\firebase-functions\\\\lib\\\\v1\\\\index.js\"}"}}
[debug] [2024-08-03T16:44:20.247Z] [runtime-status] [15196] firebase-admin has been stubbed. {"adminResolution":{"declared":true,"installed":true,"version":"12.2.0","resolution":"E:\\html projects\\amazon-clone\\amazone-clone\\functions\\node_modules\\firebase-admin\\lib\\index.js"}} {"metadata":{"emulator":{"name":"functions"},"function":{"name":"us-central1-api"},"extension":{},"message":"[runtime-status] [15196] firebase-admin has been stubbed. {\"adminResolution\":{\"declared\":true,\"installed\":true,\"version\":\"12.2.0\",\"resolution\":\"E:\\\\html projects\\\\amazon-clone\\\\amazone-clone\\\\functions\\\\node_modules\\\\firebase-admin\\\\lib\\\\index.js\"}}"}}
[debug] [2024-08-03T16:44:20.248Z] [runtime-status] [8468] firebase-admin has been stubbed. {"adminResolution":{"declared":true,"installed":true,"version":"12.2.0","resolution":"E:\\html projects\\amazon-clone\\amazone-clone\\functions\\node_modules\\firebase-admin\\lib\\index.js"}} {"metadata":{"emulator":{"name":"functions"},"function":{"name":"us-central1-api"},"extension":{},"message":"[runtime-status] [8468] firebase-admin has been stubbed. {\"adminResolution\":{\"declared\":true,\"installed\":true,\"version\":\"12.2.0\",\"resolution\":\"E:\\\\html projects\\\\amazon-clone\\\\amazone-clone\\\\functions\\\\node_modules\\\\firebase-admin\\\\lib\\\\index.js\"}}"}}
[debug] [2024-08-03T16:44:24.831Z] [runtime-status] [15196] Functions runtime initialized. {"cwd":"E:\\html projects\\amazon-clone\\amazone-clone\\functions","node_version":"19.9.0"} {"metadata":{"emulator":{"name":"functions"},"function":{"name":"us-central1-api"},"extension":{},"message":"[runtime-status] [15196] Functions runtime initialized. {\"cwd\":\"E:\\\\html projects\\\\amazon-clone\\\\amazone-clone\\\\functions\",\"node_version\":\"19.9.0\"}"}}
[debug] [2024-08-03T16:44:24.831Z] [runtime-status] [15196] Listening to port: \\?\pipe\fire_emu_192a14c2ff00998c {"metadata":{"emulator":{"name":"functions"},"function":{"name":"us-central1-api"},"extension":{},"message":"[runtime-status] [15196] Listening to port: \\\\?\\pipe\\fire_emu_192a14c2ff00998c"}}
[debug] [2024-08-03T16:44:24.832Z] [runtime-status] [8468] Functions runtime initialized. {"cwd":"E:\\html projects\\amazon-clone\\amazone-clone\\functions","node_version":"19.9.0"} {"metadata":{"emulator":{"name":"functions"},"function":{"name":"us-central1-api"},"extension":{},"message":"[runtime-status] [8468] Functions runtime initialized. {\"cwd\":\"E:\\\\html projects\\\\amazon-clone\\\\amazone-clone\\\\functions\",\"node_version\":\"19.9.0\"}"}}
[debug] [2024-08-03T16:44:24.832Z] [runtime-status] [8468] Listening to port: \\?\pipe\fire_emu_abb1610c1d481155 {"metadata":{"emulator":{"name":"functions"},"function":{"name":"us-central1-api"},"extension":{},"message":"[runtime-status] [8468] Listening to port: \\\\?\\pipe\\fire_emu_abb1610c1d481155"}}
